<?xml version="1.0" encoding="UTF-8"?>
<!-- Generated by org.testng.reporters.JUnitXMLReporter -->
<testsuite ignored="0" hostname="Aditya" failures="0" tests="5" name="Surefire test" time="0.053" errors="0" timestamp="2025-07-30T15:39:09 IST">
  <testcase classname="pack1.Contact_Test" name="createContact_Test" time="0.005"/>
  <testcase classname="pack1.Contact_Test" name="deleteContact_Test" time="0.0"/>
  <testcase classname="pack1.Contact_Test" name="modifyContact_Test" time="0.0"/>
  <testcase classname="pack2.Org_Test" name="createOrg_Test" time="0.0"/>
  <testcase classname="pack2.Org_Test" name="modifyOrg_Test" time="0.0"/>
</testsuite> <!-- Surefire test -->
