<?xml version="1.0" encoding="UTF-8"?>
<!-- Generated by org.testng.reporters.JUnitXMLReporter -->
<testsuite ignored="0" hostname="Aditya" failures="0" tests="4" name="Test" time="0.078" errors="0" timestamp="2025-07-23T10:35:40 IST">
  <testcase classname="pack2.Org_Test" name="createOrg_Test" time="0.01"/>
  <testcase classname="pack2.Org_Test" name="modifyOrg_Test" time="0.001"/>
  <testcase classname="pac1.Contact_Test" name="createContact_Test" time="0.001"/>
  <testcase classname="pac1.Contact_Test" name="modifyContact_Test" time="0.001"/>
</testsuite> <!-- Test -->
