<?xml version="1.0" encoding="UTF-8"?>
<testsuite xmlns:xsi="http://www.w3.org/2001/XMLSchema-instance" xsi:noNamespaceSchemaLocation="https://maven.apache.org/surefire/maven-surefire-plugin/xsd/surefire-test-report-3.0.xsd" version="3.0" name="pac1.Contact_Test" time="0.505" tests="2" errors="0" skipped="0" failures="0">
  <properties>
[...]
</properties>
  <testcase name="createContact_Test" classname="pac1.Contact_Test" time="0.007">
    <system-out><![CDATA[Execute createContact_Test
Name:- Aditya_Kumar
Phone number:- 9876543210
]]></system-out>
    <system-err><![CDATA[SLF4J(W): No SLF4J providers were found.
SLF4J(W): Defaulting to no-operation (NOP) logger implementation
SLF4J(W): See https://www.slf4j.org/codes.html#noProviders for further details.
]]></system-err>
  </testcase>
  <testcase name="modifyContact_Test" classname="pac1.Contact_Test" time="0.002">
    <system-out><![CDATA[Execute modifyContact_Test
]]></system-out>
  </testcase>
</testsuite>