<?xml version="1.0" encoding="UTF-8"?>
<testng-results ignored="0" total="5" passed="5" failed="0" skipped="0">
  <reporter-output>
  </reporter-output>
  <suite started-at="2025-07-30T15:39:09 IST" name="Surefire suite" finished-at="2025-07-30T15:39:09 IST" duration-ms="53">
    <groups>
    </groups>
    <test started-at="2025-07-30T15:39:09 IST" name="Surefire test" finished-at="2025-07-30T15:39:09 IST" duration-ms="53">
      <class name="pack1.Contact_Test">
        <test-method signature="createContact_Test()[pri:0, instance:pack1.Contact_Test@3c72f59f]" started-at="2025-07-30T15:39:09 IST" name="createContact_Test" finished-at="2025-07-30T15:39:09 IST" duration-ms="5" status="PASS">
          <reporter-output>
          </reporter-output>
        </test-method> <!-- createContact_Test -->
        <test-method signature="deleteContact_Test()[pri:0, instance:pack1.Contact_Test@3c72f59f]" started-at="2025-07-30T15:39:09 IST" name="deleteContact_Test" finished-at="2025-07-30T15:39:09 IST" duration-ms="0" status="PASS">
          <reporter-output>
          </reporter-output>
        </test-method> <!-- deleteContact_Test -->
        <test-method signature="modifyContact_Test()[pri:0, instance:pack1.Contact_Test@3c72f59f]" started-at="2025-07-30T15:39:09 IST" name="modifyContact_Test" finished-at="2025-07-30T15:39:09 IST" duration-ms="0" status="PASS">
          <reporter-output>
          </reporter-output>
        </test-method> <!-- modifyContact_Test -->
      </class> <!-- pack1.Contact_Test -->
      <class name="pack2.Org_Test">
        <test-method signature="createOrg_Test()[pri:0, instance:pack2.Org_Test@3901d134]" started-at="2025-07-30T15:39:09 IST" name="createOrg_Test" finished-at="2025-07-30T15:39:09 IST" duration-ms="0" status="PASS">
          <reporter-output>
          </reporter-output>
        </test-method> <!-- createOrg_Test -->
        <test-method signature="modifyOrg_Test()[pri:0, instance:pack2.Org_Test@3901d134]" started-at="2025-07-30T15:39:09 IST" name="modifyOrg_Test" finished-at="2025-07-30T15:39:09 IST" duration-ms="0" status="PASS">
          <reporter-output>
          </reporter-output>
        </test-method> <!-- modifyOrg_Test -->
      </class> <!-- pack2.Org_Test -->
    </test> <!-- Surefire test -->
  </suite> <!-- Surefire suite -->
</testng-results>
