<?xml version="1.0" encoding="UTF-8"?>
<testng-results ignored="1" total="2" passed="1" failed="0" skipped="0">
  <reporter-output>
  </reporter-output>
  <suite started-at="2025-07-30T15:26:59 IST" name="Surefire suite" finished-at="2025-07-30T15:26:59 IST" duration-ms="45">
    <groups>
    </groups>
    <test started-at="2025-07-30T15:26:59 IST" name="Surefire test" finished-at="2025-07-30T15:26:59 IST" duration-ms="45">
      <class name="pack2.Org_Test">
        <test-method signature="modifyOrg_Test()[pri:0, instance:pack2.Org_Test@11a9e7c8]" started-at="2025-07-30T15:26:59 IST" name="modifyOrg_Test" finished-at="2025-07-30T15:26:59 IST" duration-ms="5" status="PASS">
          <reporter-output>
          </reporter-output>
        </test-method> <!-- modifyOrg_Test -->
      </class> <!-- pack2.Org_Test -->
    </test> <!-- Surefire test -->
  </suite> <!-- Surefire suite -->
</testng-results>
