<?xml version="1.0" encoding="UTF-8"?>
<testng-results ignored="0" total="4" passed="4" failed="0" skipped="0">
  <reporter-output>
  </reporter-output>
  <suite started-at="2025-07-23T10:35:40 IST" name="Suite" finished-at="2025-07-23T10:35:40 IST" duration-ms="78">
    <groups>
    </groups>
    <test started-at="2025-07-23T10:35:40 IST" name="Test" finished-at="2025-07-23T10:35:40 IST" duration-ms="78">
      <class name="pack2.Org_Test">
        <test-method signature="createOrg_Test()[pri:0, instance:pack2.Org_Test@1283bb96]" started-at="2025-07-23T10:35:40 IST" name="createOrg_Test" finished-at="2025-07-23T10:35:40 IST" duration-ms="10" status="PASS">
          <reporter-output>
          </reporter-output>
        </test-method> <!-- createOrg_Test -->
        <test-method signature="modifyOrg_Test()[pri:0, instance:pack2.Org_Test@1283bb96]" started-at="2025-07-23T10:35:40 IST" name="modifyOrg_Test" finished-at="2025-07-23T10:35:40 IST" duration-ms="1" status="PASS">
          <reporter-output>
          </reporter-output>
        </test-method> <!-- modifyOrg_Test -->
      </class> <!-- pack2.Org_Test -->
      <class name="pac1.Contact_Test">
        <test-method signature="createContact_Test()[pri:0, instance:pac1.Contact_Test@49e53c76]" started-at="2025-07-23T10:35:40 IST" name="createContact_Test" finished-at="2025-07-23T10:35:40 IST" duration-ms="1" status="PASS">
          <reporter-output>
          </reporter-output>
        </test-method> <!-- createContact_Test -->
        <test-method signature="modifyContact_Test()[pri:0, instance:pac1.Contact_Test@49e53c76]" started-at="2025-07-23T10:35:40 IST" name="modifyContact_Test" finished-at="2025-07-23T10:35:40 IST" duration-ms="1" status="PASS">
          <reporter-output>
          </reporter-output>
        </test-method> <!-- modifyContact_Test -->
      </class> <!-- pac1.Contact_Test -->
    </test> <!-- Test -->
  </suite> <!-- Suite -->
</testng-results>
